DEBUG main druid.sql.Connection - {conn-10001} connected
DEBUG main druid.sql.Connection - {conn-10002} connected
DEBUG main druid.sql.Connection - {conn-10003} connected
DEBUG main druid.sql.Connection - {conn-10004} connected
DEBUG main druid.sql.Connection - {conn-10005} connected
DEBUG main druid.sql.Connection - {conn-10005} pool-connect
DEBUG main druid.sql.Connection - {conn-10005} pool-recycle
DEBUG main druid.sql.Connection - {conn-10005} pool-connect
DEBUG main druid.sql.Connection - {conn-10005} pool-recycle
DEBUG main druid.sql.Connection - {conn-10001} connected
DEBUG main druid.sql.Connection - {conn-10002} connected
DEBUG main druid.sql.Connection - {conn-10003} connected
DEBUG main druid.sql.Connection - {conn-10004} connected
DEBUG main druid.sql.Connection - {conn-10005} connected
DEBUG main druid.sql.Connection - {conn-10005} pool-connect
DEBUG main druid.sql.Connection - {conn-10005} pool-recycle
DEBUG main druid.sql.Connection - {conn-10005} pool-connect
DEBUG main druid.sql.Statement - {conn-10005, stmt-20000} created
DEBUG main druid.sql.Statement - {conn-10005, stmt-20000} executed. 195.0031 millis. create table tb_product (id integer not null auto_increment, creat_time datetime, first_price integer, name varchar(30), primary key (id)) engine=InnoDB
DEBUG main druid.sql.Statement - {conn-10005, stmt-20000} closed
DEBUG main druid.sql.Connection - {conn-10005} pool-recycle
DEBUG main druid.sql.Connection - {conn-10001} connected
DEBUG main druid.sql.Connection - {conn-10002} connected
DEBUG main druid.sql.Connection - {conn-10003} connected
DEBUG main druid.sql.Connection - {conn-10004} connected
DEBUG main druid.sql.Connection - {conn-10005} connected
DEBUG main druid.sql.Connection - {conn-10005} pool-connect
DEBUG main druid.sql.Connection - {conn-10005} pool-recycle
DEBUG main druid.sql.Connection - {conn-10005} pool-connect
DEBUG main druid.sql.Connection - {conn-10005} pool-recycle
DEBUG main druid.sql.Connection - {conn-10001} connected
DEBUG main druid.sql.Connection - {conn-10002} connected
DEBUG main druid.sql.Connection - {conn-10003} connected
DEBUG main druid.sql.Connection - {conn-10004} connected
DEBUG main druid.sql.Connection - {conn-10005} connected
DEBUG main druid.sql.Connection - {conn-10005} pool-connect
DEBUG main druid.sql.Connection - {conn-10005} pool-recycle
DEBUG main druid.sql.Connection - {conn-10005} pool-connect
DEBUG main druid.sql.Statement - {conn-10005, stmt-20000} created
DEBUG main druid.sql.Statement - {conn-10005, stmt-20000} executed. 242.9911 millis. create table tb_product (id integer not null auto_increment, creat_time datetime, first_price integer, name varchar(30), primary key (id))ENGINE=INNODB DEFAULT CHARSET=utf8
DEBUG main druid.sql.Statement - {conn-10005, stmt-20000} closed
DEBUG main druid.sql.Connection - {conn-10005} pool-recycle
DEBUG http-nio-8080-exec-2 druid.sql.Connection - {conn-10005} pool-connect
DEBUG http-nio-8080-exec-2 druid.sql.Connection - {conn-10005} setAutoCommit false
DEBUG http-nio-8080-exec-2 druid.sql.Statement - {conn-10005, pstmt-20001} created. insert into tb_product (creat_time, first_price, name) values (?, ?, ?)
DEBUG http-nio-8080-exec-2 druid.sql.Statement - {conn-10005, pstmt-20001} Parameters : [null, 5000, 联想]
DEBUG http-nio-8080-exec-2 druid.sql.Statement - {conn-10005, pstmt-20001} Types : [TIMESTAMP, INTEGER, VARCHAR]
DEBUG http-nio-8080-exec-2 druid.sql.Statement - {conn-10005, pstmt-20001} update executed. effort 1. 4.6018 millis. insert into tb_product (creat_time, first_price, name) values (?, ?, ?)
DEBUG http-nio-8080-exec-2 druid.sql.ResultSet - {conn-10005, pstmt-20001, rs-50000} open
DEBUG http-nio-8080-exec-2 druid.sql.ResultSet - {conn-10005, pstmt-20001, rs-50000} Header: [GENERATED_KEY]
DEBUG http-nio-8080-exec-2 druid.sql.ResultSet - {conn-10005, pstmt-20001, rs-50000} Result: [1]
DEBUG http-nio-8080-exec-2 druid.sql.ResultSet - {conn-10005, pstmt-20001, rs-50000} closed
DEBUG http-nio-8080-exec-2 druid.sql.Statement - {conn-10005, pstmt-20001} clearParameters. 
DEBUG http-nio-8080-exec-2 druid.sql.Connection - {conn-10005} commited
DEBUG http-nio-8080-exec-2 druid.sql.Connection - {conn-10005} setAutoCommit true
DEBUG http-nio-8080-exec-2 druid.sql.Connection - {conn-10005} pool-recycle
DEBUG http-nio-8080-exec-9 druid.sql.Connection - {conn-10005} pool-connect
DEBUG http-nio-8080-exec-9 druid.sql.Connection - {conn-10005} setAutoCommit false
DEBUG http-nio-8080-exec-9 druid.sql.Statement - {conn-10005, pstmt-20001} Parameters : [null, 6000, 联想]
DEBUG http-nio-8080-exec-9 druid.sql.Statement - {conn-10005, pstmt-20001} Types : [TIMESTAMP, INTEGER, VARCHAR]
DEBUG http-nio-8080-exec-9 druid.sql.Statement - {conn-10005, pstmt-20001} update executed. effort 1. 2.3451 millis. insert into tb_product (creat_time, first_price, name) values (?, ?, ?)
DEBUG http-nio-8080-exec-9 druid.sql.ResultSet - {conn-10005, pstmt-20001, rs-50001} open
DEBUG http-nio-8080-exec-9 druid.sql.ResultSet - {conn-10005, pstmt-20001, rs-50001} Header: [GENERATED_KEY]
DEBUG http-nio-8080-exec-9 druid.sql.ResultSet - {conn-10005, pstmt-20001, rs-50001} Result: [2]
DEBUG http-nio-8080-exec-9 druid.sql.ResultSet - {conn-10005, pstmt-20001, rs-50001} closed
DEBUG http-nio-8080-exec-9 druid.sql.Statement - {conn-10005, pstmt-20001} clearParameters. 
DEBUG http-nio-8080-exec-9 druid.sql.Connection - {conn-10005} commited
DEBUG http-nio-8080-exec-9 druid.sql.Connection - {conn-10005} setAutoCommit true
DEBUG http-nio-8080-exec-9 druid.sql.Connection - {conn-10005} pool-recycle
DEBUG http-nio-8080-exec-3 druid.sql.Connection - {conn-10005} pool-connect
DEBUG http-nio-8080-exec-3 druid.sql.Connection - {conn-10005} setAutoCommit false
DEBUG http-nio-8080-exec-3 druid.sql.Statement - {conn-10005, pstmt-20002} created. select product0_.id as id1_0_, product0_.creat_time as creat_ti2_0_, product0_.first_price as first_pr3_0_, product0_.name as name4_0_ from tb_product product0_
DEBUG http-nio-8080-exec-3 druid.sql.Statement - {conn-10005, pstmt-20002} Parameters : []
DEBUG http-nio-8080-exec-3 druid.sql.Statement - {conn-10005, pstmt-20002} Types : []
DEBUG http-nio-8080-exec-3 druid.sql.Statement - {conn-10005, pstmt-20002, rs-50002} query executed. 2.1882 millis. select product0_.id as id1_0_, product0_.creat_time as creat_ti2_0_, product0_.first_price as first_pr3_0_, product0_.name as name4_0_ from tb_product product0_
DEBUG http-nio-8080-exec-3 druid.sql.ResultSet - {conn-10005, pstmt-20002, rs-50002} open
DEBUG http-nio-8080-exec-3 druid.sql.ResultSet - {conn-10005, pstmt-20002, rs-50002} Header: [id, creat_time, first_price, name]
DEBUG http-nio-8080-exec-3 druid.sql.ResultSet - {conn-10005, pstmt-20002, rs-50002} Result: [1, null, 5000, 联想]
DEBUG http-nio-8080-exec-3 druid.sql.ResultSet - {conn-10005, pstmt-20002, rs-50002} Result: [2, null, 6000, 联想]
DEBUG http-nio-8080-exec-3 druid.sql.ResultSet - {conn-10005, pstmt-20002, rs-50002} closed
DEBUG http-nio-8080-exec-3 druid.sql.Statement - {conn-10005, pstmt-20002} clearParameters. 
DEBUG http-nio-8080-exec-3 druid.sql.Connection - {conn-10005} commited
DEBUG http-nio-8080-exec-3 druid.sql.Connection - {conn-10005} setAutoCommit true
DEBUG http-nio-8080-exec-3 druid.sql.Connection - {conn-10005} pool-recycle
DEBUG http-nio-8080-exec-10 druid.sql.Connection - {conn-10005} pool-connect
DEBUG http-nio-8080-exec-10 druid.sql.Connection - {conn-10005} setAutoCommit false
DEBUG http-nio-8080-exec-10 druid.sql.Statement - {conn-10005, pstmt-20003} created. select product0_.id as id1_0_0_, product0_.creat_time as creat_ti2_0_0_, product0_.first_price as first_pr3_0_0_, product0_.name as name4_0_0_ from tb_product product0_ where product0_.id=?
DEBUG http-nio-8080-exec-10 druid.sql.Statement - {conn-10005, pstmt-20003} Parameters : [1]
DEBUG http-nio-8080-exec-10 druid.sql.Statement - {conn-10005, pstmt-20003} Types : [INTEGER]
DEBUG http-nio-8080-exec-10 druid.sql.Statement - {conn-10005, pstmt-20003, rs-50003} query executed. 1.2993 millis. select product0_.id as id1_0_0_, product0_.creat_time as creat_ti2_0_0_, product0_.first_price as first_pr3_0_0_, product0_.name as name4_0_0_ from tb_product product0_ where product0_.id=?
DEBUG http-nio-8080-exec-10 druid.sql.ResultSet - {conn-10005, pstmt-20003, rs-50003} open
DEBUG http-nio-8080-exec-10 druid.sql.ResultSet - {conn-10005, pstmt-20003, rs-50003} Header: [id, creat_time, first_price, name]
DEBUG http-nio-8080-exec-10 druid.sql.ResultSet - {conn-10005, pstmt-20003, rs-50003} Result: [1, null, 5000, 联想]
DEBUG http-nio-8080-exec-10 druid.sql.ResultSet - {conn-10005, pstmt-20003, rs-50003} closed
DEBUG http-nio-8080-exec-10 druid.sql.Statement - {conn-10005, pstmt-20003} clearParameters. 
DEBUG http-nio-8080-exec-10 druid.sql.Connection - {conn-10005} commited
DEBUG http-nio-8080-exec-10 druid.sql.Connection - {conn-10005} setAutoCommit true
DEBUG http-nio-8080-exec-10 druid.sql.Connection - {conn-10005} pool-recycle
DEBUG http-nio-8080-exec-1 druid.sql.Connection - {conn-10005} pool-connect
DEBUG http-nio-8080-exec-1 druid.sql.Connection - {conn-10005} setAutoCommit false
DEBUG http-nio-8080-exec-1 druid.sql.Statement - {conn-10005, pstmt-20003} Parameters : [2]
DEBUG http-nio-8080-exec-1 druid.sql.Statement - {conn-10005, pstmt-20003} Types : [INTEGER]
DEBUG http-nio-8080-exec-1 druid.sql.Statement - {conn-10005, pstmt-20003, rs-50004} query executed. 1.3229 millis. select product0_.id as id1_0_0_, product0_.creat_time as creat_ti2_0_0_, product0_.first_price as first_pr3_0_0_, product0_.name as name4_0_0_ from tb_product product0_ where product0_.id=?
DEBUG http-nio-8080-exec-1 druid.sql.ResultSet - {conn-10005, pstmt-20003, rs-50004} open
DEBUG http-nio-8080-exec-1 druid.sql.ResultSet - {conn-10005, pstmt-20003, rs-50004} Header: [id, creat_time, first_price, name]
DEBUG http-nio-8080-exec-1 druid.sql.ResultSet - {conn-10005, pstmt-20003, rs-50004} Result: [2, null, 6000, 联想]
DEBUG http-nio-8080-exec-1 druid.sql.ResultSet - {conn-10005, pstmt-20003, rs-50004} closed
DEBUG http-nio-8080-exec-1 druid.sql.Statement - {conn-10005, pstmt-20003} clearParameters. 
DEBUG http-nio-8080-exec-1 druid.sql.Statement - {conn-10005, pstmt-20004} created. delete from tb_product where id=?
DEBUG http-nio-8080-exec-1 druid.sql.Statement - {conn-10005, pstmt-20004} Parameters : [2]
DEBUG http-nio-8080-exec-1 druid.sql.Statement - {conn-10005, pstmt-20004} Types : [INTEGER]
DEBUG http-nio-8080-exec-1 druid.sql.Statement - {conn-10005, pstmt-20004} update executed. effort 1. 1.0674 millis. delete from tb_product where id=?
DEBUG http-nio-8080-exec-1 druid.sql.Statement - {conn-10005, pstmt-20004} clearParameters. 
DEBUG http-nio-8080-exec-1 druid.sql.Connection - {conn-10005} commited
DEBUG http-nio-8080-exec-1 druid.sql.Connection - {conn-10005} setAutoCommit true
DEBUG http-nio-8080-exec-1 druid.sql.Connection - {conn-10005} pool-recycle
DEBUG http-nio-8080-exec-8 druid.sql.Connection - {conn-10005} pool-connect
DEBUG http-nio-8080-exec-8 druid.sql.Connection - {conn-10005} setAutoCommit false
DEBUG http-nio-8080-exec-8 druid.sql.Statement - {conn-10005, pstmt-20001} Parameters : [null, 5000, 联想]
DEBUG http-nio-8080-exec-8 druid.sql.Statement - {conn-10005, pstmt-20001} Types : [TIMESTAMP, INTEGER, VARCHAR]
DEBUG http-nio-8080-exec-8 druid.sql.Statement - {conn-10005, pstmt-20001} update executed. effort 1. 2.486 millis. insert into tb_product (creat_time, first_price, name) values (?, ?, ?)
DEBUG http-nio-8080-exec-8 druid.sql.ResultSet - {conn-10005, pstmt-20001, rs-50005} open
DEBUG http-nio-8080-exec-8 druid.sql.ResultSet - {conn-10005, pstmt-20001, rs-50005} Header: [GENERATED_KEY]
DEBUG http-nio-8080-exec-8 druid.sql.ResultSet - {conn-10005, pstmt-20001, rs-50005} Result: [3]
DEBUG http-nio-8080-exec-8 druid.sql.ResultSet - {conn-10005, pstmt-20001, rs-50005} closed
DEBUG http-nio-8080-exec-8 druid.sql.Statement - {conn-10005, pstmt-20001} clearParameters. 
DEBUG http-nio-8080-exec-8 druid.sql.Connection - {conn-10005} commited
DEBUG http-nio-8080-exec-8 druid.sql.Connection - {conn-10005} setAutoCommit true
DEBUG http-nio-8080-exec-8 druid.sql.Connection - {conn-10005} pool-recycle
DEBUG http-nio-8080-exec-8 druid.sql.Connection - {conn-10005} pool-connect
DEBUG http-nio-8080-exec-8 druid.sql.Connection - {conn-10005} setAutoCommit false
DEBUG http-nio-8080-exec-8 druid.sql.Statement - {conn-10005, pstmt-20001} Parameters : [null, 6000, 联想]
DEBUG http-nio-8080-exec-8 druid.sql.Statement - {conn-10005, pstmt-20001} Types : [TIMESTAMP, INTEGER, VARCHAR]
DEBUG http-nio-8080-exec-8 druid.sql.Statement - {conn-10005, pstmt-20001} update executed. effort 1. 1.7735 millis. insert into tb_product (creat_time, first_price, name) values (?, ?, ?)
DEBUG http-nio-8080-exec-8 druid.sql.ResultSet - {conn-10005, pstmt-20001, rs-50006} open
DEBUG http-nio-8080-exec-8 druid.sql.ResultSet - {conn-10005, pstmt-20001, rs-50006} Header: [GENERATED_KEY]
DEBUG http-nio-8080-exec-8 druid.sql.ResultSet - {conn-10005, pstmt-20001, rs-50006} Result: [4]
DEBUG http-nio-8080-exec-8 druid.sql.ResultSet - {conn-10005, pstmt-20001, rs-50006} closed
DEBUG http-nio-8080-exec-8 druid.sql.Statement - {conn-10005, pstmt-20001} clearParameters. 
DEBUG http-nio-8080-exec-8 druid.sql.Connection - {conn-10005} commited
DEBUG http-nio-8080-exec-8 druid.sql.Connection - {conn-10005} setAutoCommit true
DEBUG http-nio-8080-exec-8 druid.sql.Connection - {conn-10005} pool-recycle
DEBUG http-nio-8080-exec-5 druid.sql.Connection - {conn-10005} pool-connect
DEBUG http-nio-8080-exec-5 druid.sql.Connection - {conn-10005} setAutoCommit false
DEBUG http-nio-8080-exec-5 druid.sql.Statement - {conn-10005, pstmt-20003} Parameters : [1]
DEBUG http-nio-8080-exec-5 druid.sql.Statement - {conn-10005, pstmt-20003} Types : [INTEGER]
DEBUG http-nio-8080-exec-5 druid.sql.Statement - {conn-10005, pstmt-20003, rs-50007} query executed. 1.616 millis. select product0_.id as id1_0_0_, product0_.creat_time as creat_ti2_0_0_, product0_.first_price as first_pr3_0_0_, product0_.name as name4_0_0_ from tb_product product0_ where product0_.id=?
DEBUG http-nio-8080-exec-5 druid.sql.ResultSet - {conn-10005, pstmt-20003, rs-50007} open
DEBUG http-nio-8080-exec-5 druid.sql.ResultSet - {conn-10005, pstmt-20003, rs-50007} Header: [id, creat_time, first_price, name]
DEBUG http-nio-8080-exec-5 druid.sql.ResultSet - {conn-10005, pstmt-20003, rs-50007} Result: [1, null, 5000, 联想]
DEBUG http-nio-8080-exec-5 druid.sql.ResultSet - {conn-10005, pstmt-20003, rs-50007} closed
DEBUG http-nio-8080-exec-5 druid.sql.Statement - {conn-10005, pstmt-20003} clearParameters. 
DEBUG http-nio-8080-exec-5 druid.sql.Statement - {conn-10005, pstmt-20005} created. update tb_product set creat_time=?, first_price=?, name=? where id=?
DEBUG http-nio-8080-exec-5 druid.sql.Statement - {conn-10005, pstmt-20005} Parameters : [null, 6000, 联想, 1]
DEBUG http-nio-8080-exec-5 druid.sql.Statement - {conn-10005, pstmt-20005} Types : [TIMESTAMP, INTEGER, VARCHAR, INTEGER]
DEBUG http-nio-8080-exec-5 druid.sql.Statement - {conn-10005, pstmt-20005} update executed. effort 1. 1.9421 millis. update tb_product set creat_time=?, first_price=?, name=? where id=?
DEBUG http-nio-8080-exec-5 druid.sql.Statement - {conn-10005, pstmt-20005} clearParameters. 
DEBUG http-nio-8080-exec-5 druid.sql.Connection - {conn-10005} commited
DEBUG http-nio-8080-exec-5 druid.sql.Connection - {conn-10005} setAutoCommit true
DEBUG http-nio-8080-exec-5 druid.sql.Connection - {conn-10005} pool-recycle
DEBUG main druid.sql.Connection - {conn-10001} connected
DEBUG main druid.sql.Connection - {conn-10002} connected
DEBUG main druid.sql.Connection - {conn-10003} connected
DEBUG main druid.sql.Connection - {conn-10004} connected
DEBUG main druid.sql.Connection - {conn-10005} connected
DEBUG main druid.sql.Connection - {conn-10005} pool-connect
DEBUG main druid.sql.Connection - {conn-10005} pool-recycle
DEBUG main druid.sql.Connection - {conn-10005} pool-connect
DEBUG main druid.sql.Connection - {conn-10005} pool-recycle
DEBUG http-nio-8080-exec-4 druid.sql.Connection - {conn-10005} pool-connect
DEBUG http-nio-8080-exec-4 druid.sql.Connection - {conn-10005} setAutoCommit false
DEBUG http-nio-8080-exec-4 druid.sql.Statement - {conn-10005, pstmt-20000} created. insert into tb_product (creat_time, first_price, name) values (?, ?, ?)
DEBUG http-nio-8080-exec-4 druid.sql.Statement - {conn-10005, pstmt-20000} Parameters : [2020-03-28 23:10:41.557, 6000, 戴尔]
DEBUG http-nio-8080-exec-4 druid.sql.Statement - {conn-10005, pstmt-20000} Types : [TIMESTAMP, INTEGER, VARCHAR]
DEBUG http-nio-8080-exec-4 druid.sql.Statement - {conn-10005, pstmt-20000} update executed. effort 1. 12.8378 millis. insert into tb_product (creat_time, first_price, name) values (?, ?, ?)
DEBUG http-nio-8080-exec-4 druid.sql.ResultSet - {conn-10005, pstmt-20000, rs-50000} open
DEBUG http-nio-8080-exec-4 druid.sql.ResultSet - {conn-10005, pstmt-20000, rs-50000} Header: [GENERATED_KEY]
DEBUG http-nio-8080-exec-4 druid.sql.ResultSet - {conn-10005, pstmt-20000, rs-50000} Result: [5]
DEBUG http-nio-8080-exec-4 druid.sql.ResultSet - {conn-10005, pstmt-20000, rs-50000} closed
DEBUG http-nio-8080-exec-4 druid.sql.Statement - {conn-10005, pstmt-20000} clearParameters. 
DEBUG http-nio-8080-exec-4 druid.sql.Connection - {conn-10005} commited
DEBUG http-nio-8080-exec-4 druid.sql.Connection - {conn-10005} setAutoCommit true
DEBUG http-nio-8080-exec-4 druid.sql.Connection - {conn-10005} pool-recycle
DEBUG main druid.sql.Connection - {conn-10001} connected
DEBUG main druid.sql.Connection - {conn-10002} connected
DEBUG main druid.sql.Connection - {conn-10003} connected
DEBUG main druid.sql.Connection - {conn-10004} connected
DEBUG main druid.sql.Connection - {conn-10005} connected
DEBUG main druid.sql.Connection - {conn-10005} pool-connect
DEBUG main druid.sql.Connection - {conn-10005} pool-recycle
DEBUG main druid.sql.Connection - {conn-10005} pool-connect
DEBUG main druid.sql.Connection - {conn-10005} pool-recycle
DEBUG http-nio-8080-exec-8 druid.sql.Connection - {conn-10005} pool-connect
DEBUG http-nio-8080-exec-8 druid.sql.Connection - {conn-10005} setAutoCommit false
DEBUG http-nio-8080-exec-8 druid.sql.Statement - {conn-10005, pstmt-20000} created. select product0_.id as id1_0_, product0_.creat_time as creat_ti2_0_, product0_.first_price as first_pr3_0_, product0_.name as name4_0_ from tb_product product0_
DEBUG http-nio-8080-exec-8 druid.sql.Statement - {conn-10005, pstmt-20000} Parameters : []
DEBUG http-nio-8080-exec-8 druid.sql.Statement - {conn-10005, pstmt-20000} Types : []
DEBUG http-nio-8080-exec-8 druid.sql.Statement - {conn-10005, pstmt-20000, rs-50000} query executed. 9.0862 millis. select product0_.id as id1_0_, product0_.creat_time as creat_ti2_0_, product0_.first_price as first_pr3_0_, product0_.name as name4_0_ from tb_product product0_
DEBUG http-nio-8080-exec-8 druid.sql.ResultSet - {conn-10005, pstmt-20000, rs-50000} open
DEBUG http-nio-8080-exec-8 druid.sql.ResultSet - {conn-10005, pstmt-20000, rs-50000} Header: [id, creat_time, first_price, name]
DEBUG http-nio-8080-exec-8 druid.sql.ResultSet - {conn-10005, pstmt-20000, rs-50000} Result: [1, null, 6000, 联想]
DEBUG http-nio-8080-exec-8 druid.sql.ResultSet - {conn-10005, pstmt-20000, rs-50000} Result: [3, null, 5000, 联想]
DEBUG http-nio-8080-exec-8 druid.sql.ResultSet - {conn-10005, pstmt-20000, rs-50000} Result: [4, null, 6000, 联想]
DEBUG http-nio-8080-exec-8 druid.sql.ResultSet - {conn-10005, pstmt-20000, rs-50000} Result: [5, 2020-03-28 23:10:41.0, 6000, 戴尔]
DEBUG http-nio-8080-exec-8 druid.sql.ResultSet - {conn-10005, pstmt-20000, rs-50000} closed
DEBUG http-nio-8080-exec-8 druid.sql.Statement - {conn-10005, pstmt-20000} clearParameters. 
DEBUG http-nio-8080-exec-8 druid.sql.Connection - {conn-10005} commited
DEBUG http-nio-8080-exec-8 druid.sql.Connection - {conn-10005} setAutoCommit true
DEBUG http-nio-8080-exec-8 druid.sql.Connection - {conn-10005} pool-recycle
DEBUG http-nio-8080-exec-3 druid.sql.Connection - {conn-10005} pool-connect
DEBUG http-nio-8080-exec-3 druid.sql.Connection - {conn-10005} setAutoCommit false
DEBUG http-nio-8080-exec-3 druid.sql.Statement - {conn-10005, pstmt-20001} created. select product0_.id as id1_0_0_, product0_.creat_time as creat_ti2_0_0_, product0_.first_price as first_pr3_0_0_, product0_.name as name4_0_0_ from tb_product product0_ where product0_.id=?
DEBUG http-nio-8080-exec-3 druid.sql.Statement - {conn-10005, pstmt-20001} Parameters : [1]
DEBUG http-nio-8080-exec-3 druid.sql.Statement - {conn-10005, pstmt-20001} Types : [INTEGER]
DEBUG http-nio-8080-exec-3 druid.sql.Statement - {conn-10005, pstmt-20001, rs-50001} query executed. 2.3994 millis. select product0_.id as id1_0_0_, product0_.creat_time as creat_ti2_0_0_, product0_.first_price as first_pr3_0_0_, product0_.name as name4_0_0_ from tb_product product0_ where product0_.id=?
DEBUG http-nio-8080-exec-3 druid.sql.ResultSet - {conn-10005, pstmt-20001, rs-50001} open
DEBUG http-nio-8080-exec-3 druid.sql.ResultSet - {conn-10005, pstmt-20001, rs-50001} Header: [id, creat_time, first_price, name]
DEBUG http-nio-8080-exec-3 druid.sql.ResultSet - {conn-10005, pstmt-20001, rs-50001} Result: [1, null, 6000, 联想]
DEBUG http-nio-8080-exec-3 druid.sql.ResultSet - {conn-10005, pstmt-20001, rs-50001} closed
DEBUG http-nio-8080-exec-3 druid.sql.Statement - {conn-10005, pstmt-20001} clearParameters. 
DEBUG http-nio-8080-exec-3 druid.sql.Connection - {conn-10005} commited
DEBUG http-nio-8080-exec-3 druid.sql.Connection - {conn-10005} setAutoCommit true
DEBUG http-nio-8080-exec-3 druid.sql.Connection - {conn-10005} pool-recycle
DEBUG http-nio-8080-exec-9 druid.sql.Connection - {conn-10005} pool-connect
DEBUG http-nio-8080-exec-9 druid.sql.Connection - {conn-10005} setAutoCommit false
DEBUG http-nio-8080-exec-9 druid.sql.Statement - {conn-10005, pstmt-20001} Parameters : [2]
DEBUG http-nio-8080-exec-9 druid.sql.Statement - {conn-10005, pstmt-20001} Types : [INTEGER]
DEBUG http-nio-8080-exec-9 druid.sql.Statement - {conn-10005, pstmt-20001, rs-50002} query executed. 1.5421 millis. select product0_.id as id1_0_0_, product0_.creat_time as creat_ti2_0_0_, product0_.first_price as first_pr3_0_0_, product0_.name as name4_0_0_ from tb_product product0_ where product0_.id=?
DEBUG http-nio-8080-exec-9 druid.sql.ResultSet - {conn-10005, pstmt-20001, rs-50002} open
DEBUG http-nio-8080-exec-9 druid.sql.ResultSet - {conn-10005, pstmt-20001, rs-50002} Header: [id, creat_time, first_price, name]
DEBUG http-nio-8080-exec-9 druid.sql.ResultSet - {conn-10005, pstmt-20001, rs-50002} closed
DEBUG http-nio-8080-exec-9 druid.sql.Statement - {conn-10005, pstmt-20001} clearParameters. 
DEBUG http-nio-8080-exec-9 druid.sql.Connection - {conn-10005} commited
DEBUG http-nio-8080-exec-9 druid.sql.Connection - {conn-10005} setAutoCommit true
DEBUG http-nio-8080-exec-9 druid.sql.Connection - {conn-10005} pool-recycle
DEBUG http-nio-8080-exec-1 druid.sql.Connection - {conn-10005} pool-connect
DEBUG http-nio-8080-exec-1 druid.sql.Connection - {conn-10005} setAutoCommit false
DEBUG http-nio-8080-exec-1 druid.sql.Statement - {conn-10005, pstmt-20001} Parameters : [3]
DEBUG http-nio-8080-exec-1 druid.sql.Statement - {conn-10005, pstmt-20001} Types : [INTEGER]
DEBUG http-nio-8080-exec-1 druid.sql.Statement - {conn-10005, pstmt-20001, rs-50003} query executed. 3.0518 millis. select product0_.id as id1_0_0_, product0_.creat_time as creat_ti2_0_0_, product0_.first_price as first_pr3_0_0_, product0_.name as name4_0_0_ from tb_product product0_ where product0_.id=?
DEBUG http-nio-8080-exec-1 druid.sql.ResultSet - {conn-10005, pstmt-20001, rs-50003} open
DEBUG http-nio-8080-exec-1 druid.sql.ResultSet - {conn-10005, pstmt-20001, rs-50003} Header: [id, creat_time, first_price, name]
DEBUG http-nio-8080-exec-1 druid.sql.ResultSet - {conn-10005, pstmt-20001, rs-50003} Result: [3, null, 5000, 联想]
DEBUG http-nio-8080-exec-1 druid.sql.ResultSet - {conn-10005, pstmt-20001, rs-50003} closed
DEBUG http-nio-8080-exec-1 druid.sql.Statement - {conn-10005, pstmt-20001} clearParameters. 
DEBUG http-nio-8080-exec-1 druid.sql.Connection - {conn-10005} commited
DEBUG http-nio-8080-exec-1 druid.sql.Connection - {conn-10005} setAutoCommit true
DEBUG http-nio-8080-exec-1 druid.sql.Connection - {conn-10005} pool-recycle
DEBUG http-nio-8080-exec-6 druid.sql.Connection - {conn-10005} pool-connect
DEBUG http-nio-8080-exec-6 druid.sql.Connection - {conn-10005} setAutoCommit false
DEBUG http-nio-8080-exec-6 druid.sql.Statement - {conn-10005, pstmt-20001} Parameters : [4]
DEBUG http-nio-8080-exec-6 druid.sql.Statement - {conn-10005, pstmt-20001} Types : [INTEGER]
DEBUG http-nio-8080-exec-6 druid.sql.Statement - {conn-10005, pstmt-20001, rs-50004} query executed. 4.3791 millis. select product0_.id as id1_0_0_, product0_.creat_time as creat_ti2_0_0_, product0_.first_price as first_pr3_0_0_, product0_.name as name4_0_0_ from tb_product product0_ where product0_.id=?
DEBUG http-nio-8080-exec-6 druid.sql.ResultSet - {conn-10005, pstmt-20001, rs-50004} open
DEBUG http-nio-8080-exec-6 druid.sql.ResultSet - {conn-10005, pstmt-20001, rs-50004} Header: [id, creat_time, first_price, name]
DEBUG http-nio-8080-exec-6 druid.sql.ResultSet - {conn-10005, pstmt-20001, rs-50004} Result: [4, null, 6000, 联想]
DEBUG http-nio-8080-exec-6 druid.sql.ResultSet - {conn-10005, pstmt-20001, rs-50004} closed
DEBUG http-nio-8080-exec-6 druid.sql.Statement - {conn-10005, pstmt-20001} clearParameters. 
DEBUG http-nio-8080-exec-6 druid.sql.Connection - {conn-10005} commited
DEBUG http-nio-8080-exec-6 druid.sql.Connection - {conn-10005} setAutoCommit true
DEBUG http-nio-8080-exec-6 druid.sql.Connection - {conn-10005} pool-recycle
DEBUG http-nio-8080-exec-6 druid.sql.Connection - {conn-10005} pool-connect
DEBUG http-nio-8080-exec-6 druid.sql.Connection - {conn-10005} setAutoCommit false
DEBUG http-nio-8080-exec-6 druid.sql.Statement - {conn-10005, pstmt-20001} Parameters : [1]
DEBUG http-nio-8080-exec-6 druid.sql.Statement - {conn-10005, pstmt-20001} Types : [INTEGER]
DEBUG http-nio-8080-exec-6 druid.sql.Statement - {conn-10005, pstmt-20001, rs-50005} query executed. 1.4542 millis. select product0_.id as id1_0_0_, product0_.creat_time as creat_ti2_0_0_, product0_.first_price as first_pr3_0_0_, product0_.name as name4_0_0_ from tb_product product0_ where product0_.id=?
DEBUG http-nio-8080-exec-6 druid.sql.ResultSet - {conn-10005, pstmt-20001, rs-50005} open
DEBUG http-nio-8080-exec-6 druid.sql.ResultSet - {conn-10005, pstmt-20001, rs-50005} Header: [id, creat_time, first_price, name]
DEBUG http-nio-8080-exec-6 druid.sql.ResultSet - {conn-10005, pstmt-20001, rs-50005} Result: [1, null, 6000, 联想]
DEBUG http-nio-8080-exec-6 druid.sql.ResultSet - {conn-10005, pstmt-20001, rs-50005} closed
DEBUG http-nio-8080-exec-6 druid.sql.Statement - {conn-10005, pstmt-20001} clearParameters. 
DEBUG http-nio-8080-exec-6 druid.sql.Statement - {conn-10005, pstmt-20002} created. update tb_product set creat_time=?, first_price=?, name=? where id=?
DEBUG http-nio-8080-exec-6 druid.sql.Statement - {conn-10005, pstmt-20002} Parameters : [null, 8000, null, 1]
DEBUG http-nio-8080-exec-6 druid.sql.Statement - {conn-10005, pstmt-20002} Types : [TIMESTAMP, INTEGER, VARCHAR, INTEGER]
DEBUG http-nio-8080-exec-6 druid.sql.Statement - {conn-10005, pstmt-20002} update executed. effort 1. 3.4983 millis. update tb_product set creat_time=?, first_price=?, name=? where id=?
DEBUG http-nio-8080-exec-6 druid.sql.Statement - {conn-10005, pstmt-20002} clearParameters. 
DEBUG http-nio-8080-exec-6 druid.sql.Connection - {conn-10005} commited
DEBUG http-nio-8080-exec-6 druid.sql.Connection - {conn-10005} setAutoCommit true
DEBUG http-nio-8080-exec-6 druid.sql.Connection - {conn-10005} pool-recycle
DEBUG main druid.sql.Connection - {conn-10001} connected
DEBUG main druid.sql.Connection - {conn-10002} connected
DEBUG main druid.sql.Connection - {conn-10003} connected
DEBUG main druid.sql.Connection - {conn-10004} connected
DEBUG main druid.sql.Connection - {conn-10005} connected
DEBUG main druid.sql.Connection - {conn-10005} pool-connect
DEBUG main druid.sql.Connection - {conn-10005} pool-recycle
DEBUG main druid.sql.Connection - {conn-10005} pool-connect
DEBUG main druid.sql.Connection - {conn-10005} pool-recycle
DEBUG http-nio-8080-exec-8 druid.sql.Connection - {conn-10005} pool-connect
DEBUG http-nio-8080-exec-8 druid.sql.Connection - {conn-10005} setAutoCommit false
DEBUG http-nio-8080-exec-8 druid.sql.Statement - {conn-10005, pstmt-20000} created. select product0_.id as id1_0_, product0_.creat_time as creat_ti2_0_, product0_.first_price as first_pr3_0_, product0_.name as name4_0_ from tb_product product0_
DEBUG http-nio-8080-exec-8 druid.sql.Statement - {conn-10005, pstmt-20000} Parameters : []
DEBUG http-nio-8080-exec-8 druid.sql.Statement - {conn-10005, pstmt-20000} Types : []
DEBUG http-nio-8080-exec-8 druid.sql.Statement - {conn-10005, pstmt-20000, rs-50000} query executed. 9.5442 millis. select product0_.id as id1_0_, product0_.creat_time as creat_ti2_0_, product0_.first_price as first_pr3_0_, product0_.name as name4_0_ from tb_product product0_
DEBUG http-nio-8080-exec-8 druid.sql.ResultSet - {conn-10005, pstmt-20000, rs-50000} open
DEBUG http-nio-8080-exec-8 druid.sql.ResultSet - {conn-10005, pstmt-20000, rs-50000} Header: [id, creat_time, first_price, name]
DEBUG http-nio-8080-exec-8 druid.sql.ResultSet - {conn-10005, pstmt-20000, rs-50000} Result: [1, null, 8000, null]
DEBUG http-nio-8080-exec-8 druid.sql.ResultSet - {conn-10005, pstmt-20000, rs-50000} Result: [3, null, 5000, 联想]
DEBUG http-nio-8080-exec-8 druid.sql.ResultSet - {conn-10005, pstmt-20000, rs-50000} Result: [4, null, 6000, 联想]
DEBUG http-nio-8080-exec-8 druid.sql.ResultSet - {conn-10005, pstmt-20000, rs-50000} Result: [5, 2020-03-28 23:10:41.0, 6000, 戴尔]
DEBUG http-nio-8080-exec-8 druid.sql.ResultSet - {conn-10005, pstmt-20000, rs-50000} closed
DEBUG http-nio-8080-exec-8 druid.sql.Statement - {conn-10005, pstmt-20000} clearParameters. 
DEBUG http-nio-8080-exec-8 druid.sql.Connection - {conn-10005} commited
DEBUG http-nio-8080-exec-8 druid.sql.Connection - {conn-10005} setAutoCommit true
DEBUG http-nio-8080-exec-8 druid.sql.Connection - {conn-10005} pool-recycle
DEBUG main druid.sql.Connection - {conn-10001} connected
DEBUG main druid.sql.Connection - {conn-10002} connected
DEBUG main druid.sql.Connection - {conn-10003} connected
DEBUG main druid.sql.Connection - {conn-10004} connected
DEBUG main druid.sql.Connection - {conn-10005} connected
DEBUG main druid.sql.Connection - {conn-10005} pool-connect
DEBUG main druid.sql.Connection - {conn-10005} pool-recycle
DEBUG main druid.sql.Connection - {conn-10005} pool-connect
DEBUG main druid.sql.Connection - {conn-10005} pool-recycle
DEBUG http-nio-8080-exec-5 druid.sql.Connection - {conn-10005} pool-connect
DEBUG http-nio-8080-exec-5 druid.sql.Connection - {conn-10005} setAutoCommit false
DEBUG http-nio-8080-exec-5 druid.sql.Statement - {conn-10005, pstmt-20000} created. select product0_.id as id1_0_, product0_.creat_time as creat_ti2_0_, product0_.first_price as first_pr3_0_, product0_.name as name4_0_ from tb_product product0_
DEBUG http-nio-8080-exec-5 druid.sql.Statement - {conn-10005, pstmt-20000} Parameters : []
DEBUG http-nio-8080-exec-5 druid.sql.Statement - {conn-10005, pstmt-20000} Types : []
DEBUG http-nio-8080-exec-5 druid.sql.Statement - {conn-10005, pstmt-20000, rs-50000} query executed. 93.5191 millis. select product0_.id as id1_0_, product0_.creat_time as creat_ti2_0_, product0_.first_price as first_pr3_0_, product0_.name as name4_0_ from tb_product product0_
DEBUG http-nio-8080-exec-5 druid.sql.ResultSet - {conn-10005, pstmt-20000, rs-50000} open
DEBUG http-nio-8080-exec-5 druid.sql.ResultSet - {conn-10005, pstmt-20000, rs-50000} Header: [id, creat_time, first_price, name]
DEBUG http-nio-8080-exec-5 druid.sql.ResultSet - {conn-10005, pstmt-20000, rs-50000} Result: [1, null, 8000, null]
DEBUG http-nio-8080-exec-5 druid.sql.ResultSet - {conn-10005, pstmt-20000, rs-50000} Result: [3, null, 5000, 联想]
DEBUG http-nio-8080-exec-5 druid.sql.ResultSet - {conn-10005, pstmt-20000, rs-50000} Result: [4, null, 6000, 联想]
DEBUG http-nio-8080-exec-5 druid.sql.ResultSet - {conn-10005, pstmt-20000, rs-50000} Result: [5, 2020-03-28 23:10:41.0, 6000, 戴尔]
DEBUG http-nio-8080-exec-5 druid.sql.ResultSet - {conn-10005, pstmt-20000, rs-50000} closed
DEBUG http-nio-8080-exec-5 druid.sql.Statement - {conn-10005, pstmt-20000} clearParameters. 
DEBUG http-nio-8080-exec-5 druid.sql.Connection - {conn-10005} commited
DEBUG http-nio-8080-exec-5 druid.sql.Connection - {conn-10005} setAutoCommit true
DEBUG http-nio-8080-exec-5 druid.sql.Connection - {conn-10005} pool-recycle
DEBUG http-nio-8080-exec-1 druid.sql.Connection - {conn-10005} pool-connect
DEBUG http-nio-8080-exec-1 druid.sql.Connection - {conn-10005} setAutoCommit false
DEBUG http-nio-8080-exec-1 druid.sql.Statement - {conn-10005, pstmt-20001} created. select product0_.id as id1_0_0_, product0_.creat_time as creat_ti2_0_0_, product0_.first_price as first_pr3_0_0_, product0_.name as name4_0_0_ from tb_product product0_ where product0_.id=?
DEBUG http-nio-8080-exec-1 druid.sql.Statement - {conn-10005, pstmt-20001} Parameters : [1]
DEBUG http-nio-8080-exec-1 druid.sql.Statement - {conn-10005, pstmt-20001} Types : [INTEGER]
DEBUG http-nio-8080-exec-1 druid.sql.Statement - {conn-10005, pstmt-20001, rs-50001} query executed. 1.7793 millis. select product0_.id as id1_0_0_, product0_.creat_time as creat_ti2_0_0_, product0_.first_price as first_pr3_0_0_, product0_.name as name4_0_0_ from tb_product product0_ where product0_.id=?
DEBUG http-nio-8080-exec-1 druid.sql.ResultSet - {conn-10005, pstmt-20001, rs-50001} open
DEBUG http-nio-8080-exec-1 druid.sql.ResultSet - {conn-10005, pstmt-20001, rs-50001} Header: [id, creat_time, first_price, name]
DEBUG http-nio-8080-exec-1 druid.sql.ResultSet - {conn-10005, pstmt-20001, rs-50001} Result: [1, null, 8000, null]
DEBUG http-nio-8080-exec-1 druid.sql.ResultSet - {conn-10005, pstmt-20001, rs-50001} closed
DEBUG http-nio-8080-exec-1 druid.sql.Statement - {conn-10005, pstmt-20001} clearParameters. 
DEBUG http-nio-8080-exec-1 druid.sql.Connection - {conn-10005} commited
DEBUG http-nio-8080-exec-1 druid.sql.Connection - {conn-10005} setAutoCommit true
DEBUG http-nio-8080-exec-1 druid.sql.Connection - {conn-10005} pool-recycle
DEBUG http-nio-8080-exec-8 druid.sql.Connection - {conn-10005} pool-connect
DEBUG http-nio-8080-exec-8 druid.sql.Connection - {conn-10005} setAutoCommit false
DEBUG http-nio-8080-exec-8 druid.sql.Statement - {conn-10005, pstmt-20001} Parameters : [3]
DEBUG http-nio-8080-exec-8 druid.sql.Statement - {conn-10005, pstmt-20001} Types : [INTEGER]
DEBUG http-nio-8080-exec-8 druid.sql.Statement - {conn-10005, pstmt-20001, rs-50002} query executed. 1.9786 millis. select product0_.id as id1_0_0_, product0_.creat_time as creat_ti2_0_0_, product0_.first_price as first_pr3_0_0_, product0_.name as name4_0_0_ from tb_product product0_ where product0_.id=?
DEBUG http-nio-8080-exec-8 druid.sql.ResultSet - {conn-10005, pstmt-20001, rs-50002} open
DEBUG http-nio-8080-exec-8 druid.sql.ResultSet - {conn-10005, pstmt-20001, rs-50002} Header: [id, creat_time, first_price, name]
DEBUG http-nio-8080-exec-8 druid.sql.ResultSet - {conn-10005, pstmt-20001, rs-50002} Result: [3, null, 5000, 联想]
DEBUG http-nio-8080-exec-8 druid.sql.ResultSet - {conn-10005, pstmt-20001, rs-50002} closed
DEBUG http-nio-8080-exec-8 druid.sql.Statement - {conn-10005, pstmt-20001} clearParameters. 
DEBUG http-nio-8080-exec-8 druid.sql.Connection - {conn-10005} commited
DEBUG http-nio-8080-exec-8 druid.sql.Connection - {conn-10005} setAutoCommit true
DEBUG http-nio-8080-exec-8 druid.sql.Connection - {conn-10005} pool-recycle
DEBUG http-nio-8080-exec-1 druid.sql.Connection - {conn-10005} pool-connect
DEBUG http-nio-8080-exec-1 druid.sql.Connection - {conn-10005} setAutoCommit false
DEBUG http-nio-8080-exec-1 druid.sql.Statement - {conn-10005, pstmt-20001} Parameters : [4]
DEBUG http-nio-8080-exec-1 druid.sql.Statement - {conn-10005, pstmt-20001} Types : [INTEGER]
DEBUG http-nio-8080-exec-1 druid.sql.Statement - {conn-10005, pstmt-20001, rs-50003} query executed. 1.6813 millis. select product0_.id as id1_0_0_, product0_.creat_time as creat_ti2_0_0_, product0_.first_price as first_pr3_0_0_, product0_.name as name4_0_0_ from tb_product product0_ where product0_.id=?
DEBUG http-nio-8080-exec-1 druid.sql.ResultSet - {conn-10005, pstmt-20001, rs-50003} open
DEBUG http-nio-8080-exec-1 druid.sql.ResultSet - {conn-10005, pstmt-20001, rs-50003} Header: [id, creat_time, first_price, name]
DEBUG http-nio-8080-exec-1 druid.sql.ResultSet - {conn-10005, pstmt-20001, rs-50003} Result: [4, null, 6000, 联想]
DEBUG http-nio-8080-exec-1 druid.sql.ResultSet - {conn-10005, pstmt-20001, rs-50003} closed
DEBUG http-nio-8080-exec-1 druid.sql.Statement - {conn-10005, pstmt-20001} clearParameters. 
DEBUG http-nio-8080-exec-1 druid.sql.Connection - {conn-10005} commited
DEBUG http-nio-8080-exec-1 druid.sql.Connection - {conn-10005} setAutoCommit true
DEBUG http-nio-8080-exec-1 druid.sql.Connection - {conn-10005} pool-recycle
DEBUG http-nio-8080-exec-8 druid.sql.Connection - {conn-10005} pool-connect
DEBUG http-nio-8080-exec-8 druid.sql.Connection - {conn-10005} setAutoCommit false
DEBUG http-nio-8080-exec-8 druid.sql.Statement - {conn-10005, pstmt-20001} Parameters : [4]
DEBUG http-nio-8080-exec-8 druid.sql.Statement - {conn-10005, pstmt-20001} Types : [INTEGER]
DEBUG http-nio-8080-exec-8 druid.sql.Statement - {conn-10005, pstmt-20001, rs-50004} query executed. 1.9921 millis. select product0_.id as id1_0_0_, product0_.creat_time as creat_ti2_0_0_, product0_.first_price as first_pr3_0_0_, product0_.name as name4_0_0_ from tb_product product0_ where product0_.id=?
DEBUG http-nio-8080-exec-8 druid.sql.ResultSet - {conn-10005, pstmt-20001, rs-50004} open
DEBUG http-nio-8080-exec-8 druid.sql.ResultSet - {conn-10005, pstmt-20001, rs-50004} Header: [id, creat_time, first_price, name]
DEBUG http-nio-8080-exec-8 druid.sql.ResultSet - {conn-10005, pstmt-20001, rs-50004} Result: [4, null, 6000, 联想]
DEBUG http-nio-8080-exec-8 druid.sql.ResultSet - {conn-10005, pstmt-20001, rs-50004} closed
DEBUG http-nio-8080-exec-8 druid.sql.Statement - {conn-10005, pstmt-20001} clearParameters. 
DEBUG http-nio-8080-exec-8 druid.sql.Statement - {conn-10005, pstmt-20002} created. update tb_product set creat_time=?, first_price=?, name=? where id=?
DEBUG http-nio-8080-exec-8 druid.sql.Statement - {conn-10005, pstmt-20002} Parameters : [null, 100, steve00, 4]
DEBUG http-nio-8080-exec-8 druid.sql.Statement - {conn-10005, pstmt-20002} Types : [TIMESTAMP, INTEGER, VARCHAR, INTEGER]
DEBUG http-nio-8080-exec-8 druid.sql.Statement - {conn-10005, pstmt-20002} update executed. effort 1. 3.2096 millis. update tb_product set creat_time=?, first_price=?, name=? where id=?
DEBUG http-nio-8080-exec-8 druid.sql.Statement - {conn-10005, pstmt-20002} clearParameters. 
DEBUG http-nio-8080-exec-8 druid.sql.Connection - {conn-10005} commited
DEBUG http-nio-8080-exec-8 druid.sql.Connection - {conn-10005} setAutoCommit true
DEBUG http-nio-8080-exec-8 druid.sql.Connection - {conn-10005} pool-recycle
DEBUG Druid-ConnectionPool-Destroy-13001549 druid.sql.Connection - {conn-10001} closed
DEBUG Druid-ConnectionPool-Destroy-13001549 druid.sql.Connection - {conn-10002} closed
DEBUG Druid-ConnectionPool-Destroy-13001549 druid.sql.Connection - {conn-10003} closed
DEBUG Druid-ConnectionPool-Destroy-13001549 druid.sql.Connection - {conn-10004} closed
DEBUG Druid-ConnectionPool-Destroy-13001549 druid.sql.Connection - {conn-10005} closed
DEBUG main druid.sql.Connection - {conn-10001} connected
DEBUG main druid.sql.Connection - {conn-10002} connected
DEBUG main druid.sql.Connection - {conn-10003} connected
DEBUG main druid.sql.Connection - {conn-10004} connected
DEBUG main druid.sql.Connection - {conn-10005} connected
DEBUG main druid.sql.Connection - {conn-10005} pool-connect
DEBUG main druid.sql.Connection - {conn-10005} pool-recycle
DEBUG main druid.sql.Connection - {conn-10005} pool-connect
DEBUG main druid.sql.Connection - {conn-10005} pool-recycle
DEBUG http-nio-8080-exec-4 druid.sql.Connection - {conn-10005} pool-connect
DEBUG http-nio-8080-exec-4 druid.sql.Connection - {conn-10005} setAutoCommit false
DEBUG http-nio-8080-exec-4 druid.sql.Statement - {conn-10005, pstmt-20000} created. select product0_.id as id1_0_0_, product0_.creat_time as creat_ti2_0_0_, product0_.first_price as first_pr3_0_0_, product0_.name as name4_0_0_ from tb_product product0_ where product0_.id=?
DEBUG http-nio-8080-exec-4 druid.sql.Statement - {conn-10005, pstmt-20000} Parameters : [4]
DEBUG http-nio-8080-exec-4 druid.sql.Statement - {conn-10005, pstmt-20000} Types : [INTEGER]
DEBUG http-nio-8080-exec-4 druid.sql.Statement - {conn-10005, pstmt-20000, rs-50000} query executed. 13.1005 millis. select product0_.id as id1_0_0_, product0_.creat_time as creat_ti2_0_0_, product0_.first_price as first_pr3_0_0_, product0_.name as name4_0_0_ from tb_product product0_ where product0_.id=?
DEBUG http-nio-8080-exec-4 druid.sql.ResultSet - {conn-10005, pstmt-20000, rs-50000} open
DEBUG http-nio-8080-exec-4 druid.sql.ResultSet - {conn-10005, pstmt-20000, rs-50000} Header: [id, creat_time, first_price, name]
DEBUG http-nio-8080-exec-4 druid.sql.ResultSet - {conn-10005, pstmt-20000, rs-50000} Result: [4, null, 100, steve00]
DEBUG http-nio-8080-exec-4 druid.sql.ResultSet - {conn-10005, pstmt-20000, rs-50000} closed
DEBUG http-nio-8080-exec-4 druid.sql.Statement - {conn-10005, pstmt-20000} clearParameters. 
DEBUG http-nio-8080-exec-4 druid.sql.Connection - {conn-10005} commited
DEBUG http-nio-8080-exec-4 druid.sql.Connection - {conn-10005} setAutoCommit true
DEBUG http-nio-8080-exec-4 druid.sql.Connection - {conn-10005} pool-recycle
DEBUG http-nio-8080-exec-2 druid.sql.Connection - {conn-10005} pool-connect
DEBUG http-nio-8080-exec-2 druid.sql.Connection - {conn-10005} setAutoCommit false
DEBUG http-nio-8080-exec-2 druid.sql.Statement - {conn-10005, pstmt-20000} Parameters : [4]
DEBUG http-nio-8080-exec-2 druid.sql.Statement - {conn-10005, pstmt-20000} Types : [INTEGER]
DEBUG http-nio-8080-exec-2 druid.sql.Statement - {conn-10005, pstmt-20000, rs-50001} query executed. 1.8452 millis. select product0_.id as id1_0_0_, product0_.creat_time as creat_ti2_0_0_, product0_.first_price as first_pr3_0_0_, product0_.name as name4_0_0_ from tb_product product0_ where product0_.id=?
DEBUG http-nio-8080-exec-2 druid.sql.ResultSet - {conn-10005, pstmt-20000, rs-50001} open
DEBUG http-nio-8080-exec-2 druid.sql.ResultSet - {conn-10005, pstmt-20000, rs-50001} Header: [id, creat_time, first_price, name]
DEBUG http-nio-8080-exec-2 druid.sql.ResultSet - {conn-10005, pstmt-20000, rs-50001} Result: [4, null, 100, steve00]
DEBUG http-nio-8080-exec-2 druid.sql.ResultSet - {conn-10005, pstmt-20000, rs-50001} closed
DEBUG http-nio-8080-exec-2 druid.sql.Statement - {conn-10005, pstmt-20000} clearParameters. 
DEBUG http-nio-8080-exec-2 druid.sql.Statement - {conn-10005, pstmt-20001} created. update tb_product set creat_time=?, first_price=?, name=? where id=?
DEBUG http-nio-8080-exec-2 druid.sql.Statement - {conn-10005, pstmt-20001} Parameters : [null, 10000, steve, 4]
DEBUG http-nio-8080-exec-2 druid.sql.Statement - {conn-10005, pstmt-20001} Types : [TIMESTAMP, INTEGER, VARCHAR, INTEGER]
DEBUG http-nio-8080-exec-2 druid.sql.Statement - {conn-10005, pstmt-20001} update executed. effort 1. 2.7706 millis. update tb_product set creat_time=?, first_price=?, name=? where id=?
DEBUG http-nio-8080-exec-2 druid.sql.Statement - {conn-10005, pstmt-20001} clearParameters. 
DEBUG http-nio-8080-exec-2 druid.sql.Connection - {conn-10005} commited
DEBUG http-nio-8080-exec-2 druid.sql.Connection - {conn-10005} setAutoCommit true
DEBUG http-nio-8080-exec-2 druid.sql.Connection - {conn-10005} pool-recycle
DEBUG http-nio-8080-exec-2 druid.sql.Connection - {conn-10005} pool-connect
DEBUG http-nio-8080-exec-2 druid.sql.Connection - {conn-10005} setAutoCommit false
DEBUG http-nio-8080-exec-2 druid.sql.Statement - {conn-10005, pstmt-20000} Parameters : [4]
DEBUG http-nio-8080-exec-2 druid.sql.Statement - {conn-10005, pstmt-20000} Types : [INTEGER]
DEBUG http-nio-8080-exec-2 druid.sql.Statement - {conn-10005, pstmt-20000, rs-50002} query executed. 2.5285 millis. select product0_.id as id1_0_0_, product0_.creat_time as creat_ti2_0_0_, product0_.first_price as first_pr3_0_0_, product0_.name as name4_0_0_ from tb_product product0_ where product0_.id=?
DEBUG http-nio-8080-exec-2 druid.sql.ResultSet - {conn-10005, pstmt-20000, rs-50002} open
DEBUG http-nio-8080-exec-2 druid.sql.ResultSet - {conn-10005, pstmt-20000, rs-50002} Header: [id, creat_time, first_price, name]
DEBUG http-nio-8080-exec-2 druid.sql.ResultSet - {conn-10005, pstmt-20000, rs-50002} Result: [4, null, 10000, steve]
DEBUG http-nio-8080-exec-2 druid.sql.ResultSet - {conn-10005, pstmt-20000, rs-50002} closed
DEBUG http-nio-8080-exec-2 druid.sql.Statement - {conn-10005, pstmt-20000} clearParameters. 
DEBUG http-nio-8080-exec-2 druid.sql.Statement - {conn-10005, pstmt-20001} Parameters : [null, 7000, null, 4]
DEBUG http-nio-8080-exec-2 druid.sql.Statement - {conn-10005, pstmt-20001} Types : [TIMESTAMP, INTEGER, VARCHAR, INTEGER]
DEBUG http-nio-8080-exec-2 druid.sql.Statement - {conn-10005, pstmt-20001} update executed. effort 1. 2.8994 millis. update tb_product set creat_time=?, first_price=?, name=? where id=?
DEBUG http-nio-8080-exec-2 druid.sql.Statement - {conn-10005, pstmt-20001} clearParameters. 
DEBUG http-nio-8080-exec-2 druid.sql.Connection - {conn-10005} commited
DEBUG http-nio-8080-exec-2 druid.sql.Connection - {conn-10005} setAutoCommit true
DEBUG http-nio-8080-exec-2 druid.sql.Connection - {conn-10005} pool-recycle
DEBUG main druid.sql.Connection - {conn-10001} connected
DEBUG main druid.sql.Connection - {conn-10002} connected
DEBUG main druid.sql.Connection - {conn-10003} connected
DEBUG main druid.sql.Connection - {conn-10004} connected
DEBUG main druid.sql.Connection - {conn-10005} connected
DEBUG main druid.sql.Connection - {conn-10005} pool-connect
DEBUG main druid.sql.Connection - {conn-10005} pool-recycle
DEBUG main druid.sql.Connection - {conn-10005} pool-connect
DEBUG main druid.sql.Connection - {conn-10005} pool-recycle
DEBUG http-nio-8080-exec-2 druid.sql.Connection - {conn-10005} pool-connect
DEBUG http-nio-8080-exec-2 druid.sql.Connection - {conn-10005} setAutoCommit false
DEBUG http-nio-8080-exec-2 druid.sql.Statement - {conn-10005, pstmt-20000} created. select product0_.id as id1_0_0_, product0_.creat_time as creat_ti2_0_0_, product0_.first_price as first_pr3_0_0_, product0_.name as name4_0_0_ from tb_product product0_ where product0_.id=?
DEBUG http-nio-8080-exec-2 druid.sql.Statement - {conn-10005, pstmt-20000} Parameters : [3]
DEBUG http-nio-8080-exec-2 druid.sql.Statement - {conn-10005, pstmt-20000} Types : [INTEGER]
DEBUG http-nio-8080-exec-2 druid.sql.Statement - {conn-10005, pstmt-20000, rs-50000} query executed. 11.936 millis. select product0_.id as id1_0_0_, product0_.creat_time as creat_ti2_0_0_, product0_.first_price as first_pr3_0_0_, product0_.name as name4_0_0_ from tb_product product0_ where product0_.id=?
DEBUG http-nio-8080-exec-2 druid.sql.ResultSet - {conn-10005, pstmt-20000, rs-50000} open
DEBUG http-nio-8080-exec-2 druid.sql.ResultSet - {conn-10005, pstmt-20000, rs-50000} Header: [id, creat_time, first_price, name]
DEBUG http-nio-8080-exec-2 druid.sql.ResultSet - {conn-10005, pstmt-20000, rs-50000} Result: [3, null, 5000, 联想]
DEBUG http-nio-8080-exec-2 druid.sql.ResultSet - {conn-10005, pstmt-20000, rs-50000} closed
DEBUG http-nio-8080-exec-2 druid.sql.Statement - {conn-10005, pstmt-20000} clearParameters. 
DEBUG http-nio-8080-exec-2 druid.sql.Connection - {conn-10005} commited
DEBUG http-nio-8080-exec-2 druid.sql.Connection - {conn-10005} setAutoCommit true
DEBUG http-nio-8080-exec-2 druid.sql.Connection - {conn-10005} pool-recycle
DEBUG http-nio-8080-exec-8 druid.sql.Connection - {conn-10005} pool-connect
DEBUG http-nio-8080-exec-8 druid.sql.Connection - {conn-10005} setAutoCommit false
DEBUG http-nio-8080-exec-8 druid.sql.Statement - {conn-10005, pstmt-20000} Parameters : [4]
DEBUG http-nio-8080-exec-8 druid.sql.Statement - {conn-10005, pstmt-20000} Types : [INTEGER]
DEBUG http-nio-8080-exec-8 druid.sql.Statement - {conn-10005, pstmt-20000, rs-50001} query executed. 1.8398 millis. select product0_.id as id1_0_0_, product0_.creat_time as creat_ti2_0_0_, product0_.first_price as first_pr3_0_0_, product0_.name as name4_0_0_ from tb_product product0_ where product0_.id=?
DEBUG http-nio-8080-exec-8 druid.sql.ResultSet - {conn-10005, pstmt-20000, rs-50001} open
DEBUG http-nio-8080-exec-8 druid.sql.ResultSet - {conn-10005, pstmt-20000, rs-50001} Header: [id, creat_time, first_price, name]
DEBUG http-nio-8080-exec-8 druid.sql.ResultSet - {conn-10005, pstmt-20000, rs-50001} Result: [4, null, 7000, null]
DEBUG http-nio-8080-exec-8 druid.sql.ResultSet - {conn-10005, pstmt-20000, rs-50001} closed
DEBUG http-nio-8080-exec-8 druid.sql.Statement - {conn-10005, pstmt-20000} clearParameters. 
DEBUG http-nio-8080-exec-8 druid.sql.Connection - {conn-10005} commited
DEBUG http-nio-8080-exec-8 druid.sql.Connection - {conn-10005} setAutoCommit true
DEBUG http-nio-8080-exec-8 druid.sql.Connection - {conn-10005} pool-recycle
DEBUG http-nio-8080-exec-8 druid.sql.Connection - {conn-10005} pool-connect
DEBUG http-nio-8080-exec-8 druid.sql.Connection - {conn-10005} setAutoCommit false
DEBUG http-nio-8080-exec-8 druid.sql.Statement - {conn-10005, pstmt-20001} created. select product0_.id as id1_0_, product0_.creat_time as creat_ti2_0_, product0_.first_price as first_pr3_0_, product0_.name as name4_0_ from tb_product product0_
DEBUG http-nio-8080-exec-8 druid.sql.Statement - {conn-10005, pstmt-20001} Parameters : []
DEBUG http-nio-8080-exec-8 druid.sql.Statement - {conn-10005, pstmt-20001} Types : []
DEBUG http-nio-8080-exec-8 druid.sql.Statement - {conn-10005, pstmt-20001, rs-50002} query executed. 1.5639 millis. select product0_.id as id1_0_, product0_.creat_time as creat_ti2_0_, product0_.first_price as first_pr3_0_, product0_.name as name4_0_ from tb_product product0_
DEBUG http-nio-8080-exec-8 druid.sql.ResultSet - {conn-10005, pstmt-20001, rs-50002} open
DEBUG http-nio-8080-exec-8 druid.sql.ResultSet - {conn-10005, pstmt-20001, rs-50002} Header: [id, creat_time, first_price, name]
DEBUG http-nio-8080-exec-8 druid.sql.ResultSet - {conn-10005, pstmt-20001, rs-50002} Result: [1, null, 8000, null]
DEBUG http-nio-8080-exec-8 druid.sql.ResultSet - {conn-10005, pstmt-20001, rs-50002} Result: [3, null, 5000, 联想]
DEBUG http-nio-8080-exec-8 druid.sql.ResultSet - {conn-10005, pstmt-20001, rs-50002} Result: [4, null, 7000, null]
DEBUG http-nio-8080-exec-8 druid.sql.ResultSet - {conn-10005, pstmt-20001, rs-50002} Result: [5, 2020-03-28 23:10:41.0, 6000, 戴尔]
DEBUG http-nio-8080-exec-8 druid.sql.ResultSet - {conn-10005, pstmt-20001, rs-50002} closed
DEBUG http-nio-8080-exec-8 druid.sql.Statement - {conn-10005, pstmt-20001} clearParameters. 
DEBUG http-nio-8080-exec-8 druid.sql.Connection - {conn-10005} commited
DEBUG http-nio-8080-exec-8 druid.sql.Connection - {conn-10005} setAutoCommit true
DEBUG http-nio-8080-exec-8 druid.sql.Connection - {conn-10005} pool-recycle
DEBUG http-nio-8080-exec-5 druid.sql.Connection - {conn-10005} pool-connect
DEBUG http-nio-8080-exec-5 druid.sql.Connection - {conn-10005} setAutoCommit false
DEBUG http-nio-8080-exec-5 druid.sql.Statement - {conn-10005, pstmt-20002} created. insert into tb_product (creat_time, first_price, name) values (?, ?, ?)
DEBUG http-nio-8080-exec-5 druid.sql.Statement - {conn-10005, pstmt-20002} Parameters : [2020-03-29 09:54:33.29, 6000, 戴尔]
DEBUG http-nio-8080-exec-5 druid.sql.Statement - {conn-10005, pstmt-20002} Types : [TIMESTAMP, INTEGER, VARCHAR]
DEBUG http-nio-8080-exec-5 druid.sql.Statement - {conn-10005, pstmt-20002} update executed. effort 1. 1.6969 millis. insert into tb_product (creat_time, first_price, name) values (?, ?, ?)
DEBUG http-nio-8080-exec-5 druid.sql.ResultSet - {conn-10005, pstmt-20002, rs-50003} open
DEBUG http-nio-8080-exec-5 druid.sql.ResultSet - {conn-10005, pstmt-20002, rs-50003} Header: [GENERATED_KEY]
DEBUG http-nio-8080-exec-5 druid.sql.ResultSet - {conn-10005, pstmt-20002, rs-50003} Result: [6]
DEBUG http-nio-8080-exec-5 druid.sql.ResultSet - {conn-10005, pstmt-20002, rs-50003} closed
DEBUG http-nio-8080-exec-5 druid.sql.Statement - {conn-10005, pstmt-20002} clearParameters. 
DEBUG http-nio-8080-exec-5 druid.sql.Connection - {conn-10005} commited
DEBUG http-nio-8080-exec-5 druid.sql.Connection - {conn-10005} setAutoCommit true
DEBUG http-nio-8080-exec-5 druid.sql.Connection - {conn-10005} pool-recycle
DEBUG http-nio-8080-exec-4 druid.sql.Connection - {conn-10005} pool-connect
DEBUG http-nio-8080-exec-4 druid.sql.Connection - {conn-10005} setAutoCommit false
DEBUG http-nio-8080-exec-4 druid.sql.Statement - {conn-10005, pstmt-20000} Parameters : [6]
DEBUG http-nio-8080-exec-4 druid.sql.Statement - {conn-10005, pstmt-20000} Types : [INTEGER]
DEBUG http-nio-8080-exec-4 druid.sql.Statement - {conn-10005, pstmt-20000, rs-50004} query executed. 1.4795 millis. select product0_.id as id1_0_0_, product0_.creat_time as creat_ti2_0_0_, product0_.first_price as first_pr3_0_0_, product0_.name as name4_0_0_ from tb_product product0_ where product0_.id=?
DEBUG http-nio-8080-exec-4 druid.sql.ResultSet - {conn-10005, pstmt-20000, rs-50004} open
DEBUG http-nio-8080-exec-4 druid.sql.ResultSet - {conn-10005, pstmt-20000, rs-50004} Header: [id, creat_time, first_price, name]
DEBUG http-nio-8080-exec-4 druid.sql.ResultSet - {conn-10005, pstmt-20000, rs-50004} Result: [6, 2020-03-29 09:54:33.0, 6000, 戴尔]
DEBUG http-nio-8080-exec-4 druid.sql.ResultSet - {conn-10005, pstmt-20000, rs-50004} closed
DEBUG http-nio-8080-exec-4 druid.sql.Statement - {conn-10005, pstmt-20000} clearParameters. 
DEBUG http-nio-8080-exec-4 druid.sql.Statement - {conn-10005, pstmt-20003} created. update tb_product set creat_time=?, first_price=?, name=? where id=?
DEBUG http-nio-8080-exec-4 druid.sql.Statement - {conn-10005, pstmt-20003} Parameters : [null, null, steve, 6]
DEBUG http-nio-8080-exec-4 druid.sql.Statement - {conn-10005, pstmt-20003} Types : [TIMESTAMP, INTEGER, VARCHAR, INTEGER]
DEBUG http-nio-8080-exec-4 druid.sql.Statement - {conn-10005, pstmt-20003} update executed. effort 1. 1.4981 millis. update tb_product set creat_time=?, first_price=?, name=? where id=?
DEBUG http-nio-8080-exec-4 druid.sql.Statement - {conn-10005, pstmt-20003} clearParameters. 
DEBUG http-nio-8080-exec-4 druid.sql.Connection - {conn-10005} commited
DEBUG http-nio-8080-exec-4 druid.sql.Connection - {conn-10005} setAutoCommit true
DEBUG http-nio-8080-exec-4 druid.sql.Connection - {conn-10005} pool-recycle
DEBUG http-nio-8080-exec-8 druid.sql.Connection - {conn-10005} pool-connect
DEBUG http-nio-8080-exec-8 druid.sql.Connection - {conn-10005} setAutoCommit false
DEBUG http-nio-8080-exec-8 druid.sql.Statement - {conn-10005, pstmt-20000} Parameters : [6]
DEBUG http-nio-8080-exec-8 druid.sql.Statement - {conn-10005, pstmt-20000} Types : [INTEGER]
DEBUG http-nio-8080-exec-8 druid.sql.Statement - {conn-10005, pstmt-20000, rs-50005} query executed. 1.5099 millis. select product0_.id as id1_0_0_, product0_.creat_time as creat_ti2_0_0_, product0_.first_price as first_pr3_0_0_, product0_.name as name4_0_0_ from tb_product product0_ where product0_.id=?
DEBUG http-nio-8080-exec-8 druid.sql.ResultSet - {conn-10005, pstmt-20000, rs-50005} open
DEBUG http-nio-8080-exec-8 druid.sql.ResultSet - {conn-10005, pstmt-20000, rs-50005} Header: [id, creat_time, first_price, name]
DEBUG http-nio-8080-exec-8 druid.sql.ResultSet - {conn-10005, pstmt-20000, rs-50005} Result: [6, null, null, steve]
DEBUG http-nio-8080-exec-8 druid.sql.ResultSet - {conn-10005, pstmt-20000, rs-50005} closed
DEBUG http-nio-8080-exec-8 druid.sql.Statement - {conn-10005, pstmt-20000} clearParameters. 
DEBUG http-nio-8080-exec-8 druid.sql.Statement - {conn-10005, pstmt-20004} created. delete from tb_product where id=?
DEBUG http-nio-8080-exec-8 druid.sql.Statement - {conn-10005, pstmt-20004} Parameters : [6]
DEBUG http-nio-8080-exec-8 druid.sql.Statement - {conn-10005, pstmt-20004} Types : [INTEGER]
DEBUG http-nio-8080-exec-8 druid.sql.Statement - {conn-10005, pstmt-20004} update executed. effort 1. 1.4104 millis. delete from tb_product where id=?
DEBUG http-nio-8080-exec-8 druid.sql.Statement - {conn-10005, pstmt-20004} clearParameters. 
DEBUG http-nio-8080-exec-8 druid.sql.Connection - {conn-10005} commited
DEBUG http-nio-8080-exec-8 druid.sql.Connection - {conn-10005} setAutoCommit true
DEBUG http-nio-8080-exec-8 druid.sql.Connection - {conn-10005} pool-recycle
DEBUG main druid.sql.Connection - {conn-10001} connected
DEBUG main druid.sql.Connection - {conn-10002} connected
DEBUG main druid.sql.Connection - {conn-10003} connected
DEBUG main druid.sql.Connection - {conn-10004} connected
DEBUG main druid.sql.Connection - {conn-10005} connected
DEBUG main druid.sql.Connection - {conn-10005} pool-connect
DEBUG main druid.sql.Connection - {conn-10005} pool-recycle
DEBUG main druid.sql.Connection - {conn-10005} pool-connect
DEBUG main druid.sql.Connection - {conn-10005} pool-recycle
DEBUG main druid.sql.Connection - {conn-10001} connected
DEBUG main druid.sql.Connection - {conn-10002} connected
DEBUG main druid.sql.Connection - {conn-10003} connected
DEBUG main druid.sql.Connection - {conn-10004} connected
DEBUG main druid.sql.Connection - {conn-10005} connected
DEBUG main druid.sql.Connection - {conn-10005} pool-connect
DEBUG main druid.sql.Connection - {conn-10005} pool-recycle
DEBUG main druid.sql.Connection - {conn-10005} pool-connect
DEBUG main druid.sql.Connection - {conn-10005} pool-recycle
DEBUG SpringContextShutdownHook druid.sql.Connection - {conn-10001} closed
DEBUG SpringContextShutdownHook druid.sql.Connection - {conn-10002} closed
DEBUG SpringContextShutdownHook druid.sql.Connection - {conn-10003} closed
DEBUG SpringContextShutdownHook druid.sql.Connection - {conn-10004} closed
DEBUG SpringContextShutdownHook druid.sql.Connection - {conn-10005} closed
DEBUG main druid.sql.Connection - {conn-10001} connected
DEBUG main druid.sql.Connection - {conn-10002} connected
DEBUG main druid.sql.Connection - {conn-10003} connected
DEBUG main druid.sql.Connection - {conn-10004} connected
DEBUG main druid.sql.Connection - {conn-10005} connected
DEBUG main druid.sql.Connection - {conn-10005} pool-connect
DEBUG main druid.sql.Connection - {conn-10005} pool-recycle
DEBUG main druid.sql.Connection - {conn-10005} pool-connect
DEBUG main druid.sql.Connection - {conn-10005} pool-recycle
DEBUG SpringContextShutdownHook druid.sql.Connection - {conn-10001} closed
DEBUG SpringContextShutdownHook druid.sql.Connection - {conn-10002} closed
DEBUG SpringContextShutdownHook druid.sql.Connection - {conn-10003} closed
DEBUG SpringContextShutdownHook druid.sql.Connection - {conn-10004} closed
DEBUG SpringContextShutdownHook druid.sql.Connection - {conn-10005} closed
DEBUG main druid.sql.Connection - {conn-10001} connected
DEBUG main druid.sql.Connection - {conn-10002} connected
DEBUG main druid.sql.Connection - {conn-10003} connected
DEBUG main druid.sql.Connection - {conn-10004} connected
DEBUG main druid.sql.Connection - {conn-10005} connected
DEBUG main druid.sql.Connection - {conn-10005} pool-connect
DEBUG main druid.sql.Connection - {conn-10005} pool-recycle
DEBUG main druid.sql.Connection - {conn-10005} pool-connect
DEBUG main druid.sql.Connection - {conn-10005} pool-recycle
DEBUG http-nio-8080-exec-6 druid.sql.Connection - {conn-10005} pool-connect
DEBUG http-nio-8080-exec-6 druid.sql.Connection - {conn-10005} setAutoCommit false
DEBUG http-nio-8080-exec-6 druid.sql.Statement - {conn-10005, pstmt-20000} created. select product0_.id as id1_0_0_, product0_.creat_time as creat_ti2_0_0_, product0_.first_price as first_pr3_0_0_, product0_.name as name4_0_0_ from tb_product product0_ where product0_.id=?
DEBUG http-nio-8080-exec-6 druid.sql.Statement - {conn-10005, pstmt-20000} Parameters : [4]
DEBUG http-nio-8080-exec-6 druid.sql.Statement - {conn-10005, pstmt-20000} Types : [INTEGER]
DEBUG http-nio-8080-exec-6 druid.sql.Statement - {conn-10005, pstmt-20000, rs-50000} query executed. 89.7944 millis. select product0_.id as id1_0_0_, product0_.creat_time as creat_ti2_0_0_, product0_.first_price as first_pr3_0_0_, product0_.name as name4_0_0_ from tb_product product0_ where product0_.id=?
DEBUG http-nio-8080-exec-6 druid.sql.ResultSet - {conn-10005, pstmt-20000, rs-50000} open
DEBUG http-nio-8080-exec-6 druid.sql.ResultSet - {conn-10005, pstmt-20000, rs-50000} Header: [id, creat_time, first_price, name]
DEBUG http-nio-8080-exec-6 druid.sql.ResultSet - {conn-10005, pstmt-20000, rs-50000} Result: [4, null, 7000, null]
DEBUG http-nio-8080-exec-6 druid.sql.ResultSet - {conn-10005, pstmt-20000, rs-50000} closed
DEBUG http-nio-8080-exec-6 druid.sql.Statement - {conn-10005, pstmt-20000} clearParameters. 
DEBUG http-nio-8080-exec-6 druid.sql.Connection - {conn-10005} commited
DEBUG http-nio-8080-exec-6 druid.sql.Connection - {conn-10005} setAutoCommit true
DEBUG http-nio-8080-exec-6 druid.sql.Connection - {conn-10005} pool-recycle
DEBUG main druid.sql.Connection - {conn-10001} connected
DEBUG main druid.sql.Connection - {conn-10002} connected
DEBUG main druid.sql.Connection - {conn-10003} connected
DEBUG main druid.sql.Connection - {conn-10004} connected
DEBUG main druid.sql.Connection - {conn-10005} connected
DEBUG main druid.sql.Connection - {conn-10005} pool-connect
DEBUG main druid.sql.Connection - {conn-10005} pool-recycle
DEBUG main druid.sql.Connection - {conn-10005} pool-connect
DEBUG main druid.sql.Connection - {conn-10005} pool-recycle
DEBUG SpringContextShutdownHook druid.sql.Connection - {conn-10001} closed
DEBUG SpringContextShutdownHook druid.sql.Connection - {conn-10002} closed
DEBUG SpringContextShutdownHook druid.sql.Connection - {conn-10003} closed
DEBUG SpringContextShutdownHook druid.sql.Connection - {conn-10004} closed
DEBUG SpringContextShutdownHook druid.sql.Connection - {conn-10005} closed
DEBUG main druid.sql.Connection - {conn-10001} connected
DEBUG main druid.sql.Connection - {conn-10002} connected
DEBUG main druid.sql.Connection - {conn-10003} connected
DEBUG main druid.sql.Connection - {conn-10004} connected
DEBUG main druid.sql.Connection - {conn-10005} connected
DEBUG main druid.sql.Connection - {conn-10005} pool-connect
DEBUG main druid.sql.Connection - {conn-10005} pool-recycle
DEBUG main druid.sql.Connection - {conn-10005} pool-connect
DEBUG main druid.sql.Connection - {conn-10005} pool-recycle
DEBUG SpringContextShutdownHook druid.sql.Connection - {conn-10001} closed
DEBUG SpringContextShutdownHook druid.sql.Connection - {conn-10002} closed
DEBUG SpringContextShutdownHook druid.sql.Connection - {conn-10003} closed
DEBUG SpringContextShutdownHook druid.sql.Connection - {conn-10004} closed
DEBUG SpringContextShutdownHook druid.sql.Connection - {conn-10005} closed
DEBUG main druid.sql.Connection - {conn-10001} connected
DEBUG main druid.sql.Connection - {conn-10002} connected
DEBUG main druid.sql.Connection - {conn-10003} connected
DEBUG main druid.sql.Connection - {conn-10004} connected
DEBUG main druid.sql.Connection - {conn-10005} connected
DEBUG main druid.sql.Connection - {conn-10005} pool-connect
DEBUG main druid.sql.Connection - {conn-10005} pool-recycle
DEBUG main druid.sql.Connection - {conn-10005} pool-connect
DEBUG main druid.sql.Connection - {conn-10005} pool-recycle
DEBUG SpringContextShutdownHook druid.sql.Connection - {conn-10001} closed
DEBUG SpringContextShutdownHook druid.sql.Connection - {conn-10002} closed
DEBUG SpringContextShutdownHook druid.sql.Connection - {conn-10003} closed
DEBUG SpringContextShutdownHook druid.sql.Connection - {conn-10004} closed
DEBUG SpringContextShutdownHook druid.sql.Connection - {conn-10005} closed
DEBUG main druid.sql.Connection - {conn-10001} connected
DEBUG main druid.sql.Connection - {conn-10002} connected
DEBUG main druid.sql.Connection - {conn-10003} connected
DEBUG main druid.sql.Connection - {conn-10004} connected
DEBUG main druid.sql.Connection - {conn-10005} connected
DEBUG main druid.sql.Connection - {conn-10005} pool-connect
DEBUG main druid.sql.Connection - {conn-10005} pool-recycle
DEBUG main druid.sql.Connection - {conn-10005} pool-connect
DEBUG main druid.sql.Connection - {conn-10005} pool-recycle
DEBUG SpringContextShutdownHook druid.sql.Connection - {conn-10001} closed
DEBUG SpringContextShutdownHook druid.sql.Connection - {conn-10002} closed
DEBUG SpringContextShutdownHook druid.sql.Connection - {conn-10003} closed
DEBUG SpringContextShutdownHook druid.sql.Connection - {conn-10004} closed
DEBUG SpringContextShutdownHook druid.sql.Connection - {conn-10005} closed
DEBUG http-nio-8080-exec-5 druid.sql.Connection - {conn-10005} pool-connect
DEBUG http-nio-8080-exec-5 druid.sql.Connection - {conn-10005} setAutoCommit false
DEBUG http-nio-8080-exec-5 druid.sql.Statement - {conn-10005, pstmt-20000} Parameters : [4]
DEBUG http-nio-8080-exec-5 druid.sql.Statement - {conn-10005, pstmt-20000} Types : [INTEGER]
DEBUG http-nio-8080-exec-5 druid.sql.Statement - {conn-10005, pstmt-20000, rs-50001} query executed. 2.6131 millis. select product0_.id as id1_0_0_, product0_.creat_time as creat_ti2_0_0_, product0_.first_price as first_pr3_0_0_, product0_.name as name4_0_0_ from tb_product product0_ where product0_.id=?
DEBUG http-nio-8080-exec-5 druid.sql.ResultSet - {conn-10005, pstmt-20000, rs-50001} open
DEBUG http-nio-8080-exec-5 druid.sql.ResultSet - {conn-10005, pstmt-20000, rs-50001} Header: [id, creat_time, first_price, name]
DEBUG http-nio-8080-exec-5 druid.sql.ResultSet - {conn-10005, pstmt-20000, rs-50001} Result: [4, null, 7000, null]
DEBUG http-nio-8080-exec-5 druid.sql.ResultSet - {conn-10005, pstmt-20000, rs-50001} closed
DEBUG http-nio-8080-exec-5 druid.sql.Statement - {conn-10005, pstmt-20000} clearParameters. 
DEBUG http-nio-8080-exec-5 druid.sql.Connection - {conn-10005} commited
DEBUG http-nio-8080-exec-5 druid.sql.Connection - {conn-10005} setAutoCommit true
DEBUG http-nio-8080-exec-5 druid.sql.Connection - {conn-10005} pool-recycle
DEBUG http-nio-8080-exec-4 druid.sql.Connection - {conn-10005} pool-connect
DEBUG http-nio-8080-exec-4 druid.sql.Connection - {conn-10005} setAutoCommit false
DEBUG http-nio-8080-exec-4 druid.sql.Statement - {conn-10005, pstmt-20000} Parameters : [4]
DEBUG http-nio-8080-exec-4 druid.sql.Statement - {conn-10005, pstmt-20000} Types : [INTEGER]
DEBUG http-nio-8080-exec-4 druid.sql.Statement - {conn-10005, pstmt-20000, rs-50002} query executed. 1.9089 millis. select product0_.id as id1_0_0_, product0_.creat_time as creat_ti2_0_0_, product0_.first_price as first_pr3_0_0_, product0_.name as name4_0_0_ from tb_product product0_ where product0_.id=?
DEBUG http-nio-8080-exec-4 druid.sql.ResultSet - {conn-10005, pstmt-20000, rs-50002} open
DEBUG http-nio-8080-exec-4 druid.sql.ResultSet - {conn-10005, pstmt-20000, rs-50002} Header: [id, creat_time, first_price, name]
DEBUG http-nio-8080-exec-4 druid.sql.ResultSet - {conn-10005, pstmt-20000, rs-50002} Result: [4, null, 7000, null]
DEBUG http-nio-8080-exec-4 druid.sql.ResultSet - {conn-10005, pstmt-20000, rs-50002} closed
DEBUG http-nio-8080-exec-4 druid.sql.Statement - {conn-10005, pstmt-20000} clearParameters. 
DEBUG http-nio-8080-exec-4 druid.sql.Connection - {conn-10005} commited
DEBUG http-nio-8080-exec-4 druid.sql.Connection - {conn-10005} setAutoCommit true
DEBUG http-nio-8080-exec-4 druid.sql.Connection - {conn-10005} pool-recycle
DEBUG http-nio-8080-exec-5 druid.sql.Connection - {conn-10005} pool-connect
DEBUG http-nio-8080-exec-5 druid.sql.Connection - {conn-10005} setAutoCommit false
DEBUG http-nio-8080-exec-5 druid.sql.Statement - {conn-10005, pstmt-20000} Parameters : [5]
DEBUG http-nio-8080-exec-5 druid.sql.Statement - {conn-10005, pstmt-20000} Types : [INTEGER]
DEBUG http-nio-8080-exec-5 druid.sql.Statement - {conn-10005, pstmt-20000, rs-50003} query executed. 2.173 millis. select product0_.id as id1_0_0_, product0_.creat_time as creat_ti2_0_0_, product0_.first_price as first_pr3_0_0_, product0_.name as name4_0_0_ from tb_product product0_ where product0_.id=?
DEBUG http-nio-8080-exec-5 druid.sql.ResultSet - {conn-10005, pstmt-20000, rs-50003} open
DEBUG http-nio-8080-exec-5 druid.sql.ResultSet - {conn-10005, pstmt-20000, rs-50003} Header: [id, creat_time, first_price, name]
DEBUG http-nio-8080-exec-5 druid.sql.ResultSet - {conn-10005, pstmt-20000, rs-50003} Result: [5, 2020-03-28 23:10:41.0, 6000, 戴尔]
DEBUG http-nio-8080-exec-5 druid.sql.ResultSet - {conn-10005, pstmt-20000, rs-50003} closed
DEBUG http-nio-8080-exec-5 druid.sql.Statement - {conn-10005, pstmt-20000} clearParameters. 
DEBUG http-nio-8080-exec-5 druid.sql.Connection - {conn-10005} commited
DEBUG http-nio-8080-exec-5 druid.sql.Connection - {conn-10005} setAutoCommit true
DEBUG http-nio-8080-exec-5 druid.sql.Connection - {conn-10005} pool-recycle
DEBUG main druid.sql.Connection - {conn-10001} connected
DEBUG main druid.sql.Connection - {conn-10002} connected
DEBUG main druid.sql.Connection - {conn-10003} connected
DEBUG main druid.sql.Connection - {conn-10004} connected
DEBUG main druid.sql.Connection - {conn-10005} connected
DEBUG main druid.sql.Connection - {conn-10005} pool-connect
DEBUG main druid.sql.Connection - {conn-10005} pool-recycle
DEBUG main druid.sql.Connection - {conn-10005} pool-connect
DEBUG main druid.sql.Connection - {conn-10005} pool-recycle
DEBUG SpringContextShutdownHook druid.sql.Connection - {conn-10001} closed
DEBUG SpringContextShutdownHook druid.sql.Connection - {conn-10002} closed
DEBUG SpringContextShutdownHook druid.sql.Connection - {conn-10003} closed
DEBUG SpringContextShutdownHook druid.sql.Connection - {conn-10004} closed
DEBUG SpringContextShutdownHook druid.sql.Connection - {conn-10005} closed
DEBUG main druid.sql.Connection - {conn-10001} connected
DEBUG main druid.sql.Connection - {conn-10002} connected
DEBUG main druid.sql.Connection - {conn-10003} connected
DEBUG main druid.sql.Connection - {conn-10004} connected
DEBUG main druid.sql.Connection - {conn-10005} connected
DEBUG main druid.sql.Connection - {conn-10005} pool-connect
DEBUG main druid.sql.Connection - {conn-10005} pool-recycle
DEBUG main druid.sql.Connection - {conn-10005} pool-connect
DEBUG main druid.sql.Connection - {conn-10005} pool-recycle
DEBUG SpringContextShutdownHook druid.sql.Connection - {conn-10001} closed
DEBUG SpringContextShutdownHook druid.sql.Connection - {conn-10002} closed
DEBUG SpringContextShutdownHook druid.sql.Connection - {conn-10003} closed
DEBUG SpringContextShutdownHook druid.sql.Connection - {conn-10004} closed
DEBUG SpringContextShutdownHook druid.sql.Connection - {conn-10005} closed
DEBUG main druid.sql.Connection - {conn-10001} connected
DEBUG main druid.sql.Connection - {conn-10002} connected
DEBUG main druid.sql.Connection - {conn-10003} connected
DEBUG main druid.sql.Connection - {conn-10004} connected
DEBUG main druid.sql.Connection - {conn-10005} connected
DEBUG main druid.sql.Connection - {conn-10005} pool-connect
DEBUG main druid.sql.Connection - {conn-10005} pool-recycle
DEBUG main druid.sql.Connection - {conn-10005} pool-connect
DEBUG main druid.sql.Connection - {conn-10005} pool-recycle
DEBUG SpringContextShutdownHook druid.sql.Connection - {conn-10001} closed
DEBUG SpringContextShutdownHook druid.sql.Connection - {conn-10002} closed
DEBUG SpringContextShutdownHook druid.sql.Connection - {conn-10003} closed
DEBUG SpringContextShutdownHook druid.sql.Connection - {conn-10004} closed
DEBUG SpringContextShutdownHook druid.sql.Connection - {conn-10005} closed
DEBUG main druid.sql.Connection - {conn-10001} connected
DEBUG main druid.sql.Connection - {conn-10002} connected
DEBUG main druid.sql.Connection - {conn-10003} connected
DEBUG main druid.sql.Connection - {conn-10004} connected
DEBUG main druid.sql.Connection - {conn-10005} connected
DEBUG main druid.sql.Connection - {conn-10005} pool-connect
DEBUG main druid.sql.Connection - {conn-10005} pool-recycle
DEBUG main druid.sql.Connection - {conn-10005} pool-connect
DEBUG main druid.sql.Connection - {conn-10005} pool-recycle
DEBUG SpringContextShutdownHook druid.sql.Connection - {conn-10001} closed
DEBUG SpringContextShutdownHook druid.sql.Connection - {conn-10002} closed
DEBUG SpringContextShutdownHook druid.sql.Connection - {conn-10003} closed
DEBUG SpringContextShutdownHook druid.sql.Connection - {conn-10004} closed
DEBUG SpringContextShutdownHook druid.sql.Connection - {conn-10005} closed
DEBUG main druid.sql.Connection - {conn-10001} connected
DEBUG main druid.sql.Connection - {conn-10002} connected
DEBUG main druid.sql.Connection - {conn-10003} connected
DEBUG main druid.sql.Connection - {conn-10004} connected
DEBUG main druid.sql.Connection - {conn-10005} connected
DEBUG main druid.sql.Connection - {conn-10005} pool-connect
DEBUG main druid.sql.Connection - {conn-10005} pool-recycle
DEBUG main druid.sql.Connection - {conn-10005} pool-connect
DEBUG main druid.sql.Connection - {conn-10005} pool-recycle
DEBUG SpringContextShutdownHook druid.sql.Connection - {conn-10001} closed
DEBUG SpringContextShutdownHook druid.sql.Connection - {conn-10002} closed
DEBUG SpringContextShutdownHook druid.sql.Connection - {conn-10003} closed
DEBUG SpringContextShutdownHook druid.sql.Connection - {conn-10004} closed
DEBUG SpringContextShutdownHook druid.sql.Connection - {conn-10005} closed
DEBUG main druid.sql.Connection - {conn-10001} connected
DEBUG main druid.sql.Connection - {conn-10002} connected
DEBUG main druid.sql.Connection - {conn-10003} connected
DEBUG main druid.sql.Connection - {conn-10004} connected
DEBUG main druid.sql.Connection - {conn-10005} connected
DEBUG main druid.sql.Connection - {conn-10005} pool-connect
DEBUG main druid.sql.Connection - {conn-10005} pool-recycle
DEBUG main druid.sql.Connection - {conn-10005} pool-connect
DEBUG main druid.sql.Connection - {conn-10005} pool-recycle
DEBUG SpringContextShutdownHook druid.sql.Connection - {conn-10001} closed
DEBUG SpringContextShutdownHook druid.sql.Connection - {conn-10002} closed
DEBUG SpringContextShutdownHook druid.sql.Connection - {conn-10003} closed
DEBUG SpringContextShutdownHook druid.sql.Connection - {conn-10004} closed
DEBUG SpringContextShutdownHook druid.sql.Connection - {conn-10005} closed
DEBUG main druid.sql.Connection - {conn-10001} connected
DEBUG main druid.sql.Connection - {conn-10002} connected
DEBUG main druid.sql.Connection - {conn-10003} connected
DEBUG main druid.sql.Connection - {conn-10004} connected
DEBUG main druid.sql.Connection - {conn-10005} connected
DEBUG main druid.sql.Connection - {conn-10005} pool-connect
DEBUG main druid.sql.Connection - {conn-10005} pool-recycle
DEBUG main druid.sql.Connection - {conn-10005} pool-connect
DEBUG main druid.sql.Connection - {conn-10005} pool-recycle
DEBUG SpringContextShutdownHook druid.sql.Connection - {conn-10001} closed
DEBUG SpringContextShutdownHook druid.sql.Connection - {conn-10002} closed
DEBUG SpringContextShutdownHook druid.sql.Connection - {conn-10003} closed
DEBUG SpringContextShutdownHook druid.sql.Connection - {conn-10004} closed
DEBUG SpringContextShutdownHook druid.sql.Connection - {conn-10005} closed
